<?xml version="1.0" encoding="UTF-8"?>
<testsuite xmlns:xsi="http://www.w3.org/2001/XMLSchema-instance" xsi:noNamespaceSchemaLocation="https://maven.apache.org/surefire/maven-surefire-plugin/xsd/surefire-test-report-3.0.xsd" version="3.0" name="com.gerencia.clinica.model.PacienteTest" time="0.005" tests="7" errors="0" skipped="0" failures="0">
  <properties>
    <property name="java.specification.version" value="21"/>
    <property name="sun.jnu.encoding" value="UTF-8"/>
    <property name="java.class.path" value="/Users/lucashinova/Documents/Meus projetos/TrabalhoGerencia/gerencia/target/test-classes:/Users/lucashinova/Documents/Meus projetos/TrabalhoGerencia/gerencia/target/classes:/Users/lucashinova/.m2/repository/org/springframework/boot/spring-boot-starter-web/3.1.1/spring-boot-starter-web-3.1.1.jar:/Users/lucashinova/.m2/repository/org/springframework/boot/spring-boot-starter/3.1.1/spring-boot-starter-3.1.1.jar:/Users/lucashinova/.m2/repository/org/springframework/boot/spring-boot/3.1.1/spring-boot-3.1.1.jar:/Users/lucashinova/.m2/repository/org/springframework/boot/spring-boot-autoconfigure/3.1.1/spring-boot-autoconfigure-3.1.1.jar:/Users/lucashinova/.m2/repository/org/springframework/boot/spring-boot-starter-logging/3.1.1/spring-boot-starter-logging-3.1.1.jar:/Users/lucashinova/.m2/repository/ch/qos/logback/logback-classic/1.4.8/logback-classic-1.4.8.jar:/Users/lucashinova/.m2/repository/ch/qos/logback/logback-core/1.4.8/logback-core-1.4.8.jar:/Users/lucashinova/.m2/repository/org/apache/logging/log4j/log4j-to-slf4j/2.20.0/log4j-to-slf4j-2.20.0.jar:/Users/lucashinova/.m2/repository/org/apache/logging/log4j/log4j-api/2.20.0/log4j-api-2.20.0.jar:/Users/lucashinova/.m2/repository/org/slf4j/jul-to-slf4j/2.0.7/jul-to-slf4j-2.0.7.jar:/Users/lucashinova/.m2/repository/jakarta/annotation/jakarta.annotation-api/2.1.1/jakarta.annotation-api-2.1.1.jar:/Users/lucashinova/.m2/repository/org/yaml/snakeyaml/1.33/snakeyaml-1.33.jar:/Users/lucashinova/.m2/repository/org/springframework/boot/spring-boot-starter-json/3.1.1/spring-boot-starter-json-3.1.1.jar:/Users/lucashinova/.m2/repository/com/fasterxml/jackson/core/jackson-databind/2.15.2/jackson-databind-2.15.2.jar:/Users/lucashinova/.m2/repository/com/fasterxml/jackson/core/jackson-annotations/2.15.2/jackson-annotations-2.15.2.jar:/Users/lucashinova/.m2/repository/com/fasterxml/jackson/core/jackson-core/2.15.2/jackson-core-2.15.2.jar:/Users/lucashinova/.m2/repository/com/fasterxml/jackson/datatype/jackson-datatype-jdk8/2.15.2/jackson-datatype-jdk8-2.15.2.jar:/Users/lucashinova/.m2/repository/com/fasterxml/jackson/datatype/jackson-datatype-jsr310/2.15.2/jackson-datatype-jsr310-2.15.2.jar:/Users/lucashinova/.m2/repository/com/fasterxml/jackson/module/jackson-module-parameter-names/2.15.2/jackson-module-parameter-names-2.15.2.jar:/Users/lucashinova/.m2/repository/org/springframework/boot/spring-boot-starter-tomcat/3.1.1/spring-boot-starter-tomcat-3.1.1.jar:/Users/lucashinova/.m2/repository/org/apache/tomcat/embed/tomcat-embed-core/10.1.10/tomcat-embed-core-10.1.10.jar:/Users/lucashinova/.m2/repository/org/apache/tomcat/embed/tomcat-embed-el/10.1.10/tomcat-embed-el-10.1.10.jar:/Users/lucashinova/.m2/repository/org/apache/tomcat/embed/tomcat-embed-websocket/10.1.10/tomcat-embed-websocket-10.1.10.jar:/Users/lucashinova/.m2/repository/org/springframework/spring-web/6.0.10/spring-web-6.0.10.jar:/Users/lucashinova/.m2/repository/org/springframework/spring-beans/6.0.10/spring-beans-6.0.10.jar:/Users/lucashinova/.m2/repository/io/micrometer/micrometer-observation/1.10.8/micrometer-observation-1.10.8.jar:/Users/lucashinova/.m2/repository/io/micrometer/micrometer-commons/1.10.8/micrometer-commons-1.10.8.jar:/Users/lucashinova/.m2/repository/org/springframework/spring-webmvc/6.0.10/spring-webmvc-6.0.10.jar:/Users/lucashinova/.m2/repository/org/springframework/spring-aop/6.0.10/spring-aop-6.0.10.jar:/Users/lucashinova/.m2/repository/org/springframework/spring-context/6.0.10/spring-context-6.0.10.jar:/Users/lucashinova/.m2/repository/org/springframework/spring-expression/6.0.10/spring-expression-6.0.10.jar:/Users/lucashinova/.m2/repository/org/springframework/boot/spring-boot-starter-data-jpa/3.1.1/spring-boot-starter-data-jpa-3.1.1.jar:/Users/lucashinova/.m2/repository/org/springframework/boot/spring-boot-starter-aop/3.1.1/spring-boot-starter-aop-3.1.1.jar:/Users/lucashinova/.m2/repository/org/aspectj/aspectjweaver/1.9.19/aspectjweaver-1.9.19.jar:/Users/lucashinova/.m2/repository/org/springframework/boot/spring-boot-starter-jdbc/3.1.1/spring-boot-starter-jdbc-3.1.1.jar:/Users/lucashinova/.m2/repository/com/zaxxer/HikariCP/5.0.1/HikariCP-5.0.1.jar:/Users/lucashinova/.m2/repository/org/springframework/spring-jdbc/6.0.10/spring-jdbc-6.0.10.jar:/Users/lucashinova/.m2/repository/org/hibernate/orm/hibernate-core/6.2.5.Final/hibernate-core-6.2.5.Final.jar:/Users/lucashinova/.m2/repository/jakarta/persistence/jakarta.persistence-api/3.1.0/jakarta.persistence-api-3.1.0.jar:/Users/lucashinova/.m2/repository/jakarta/transaction/jakarta.transaction-api/2.0.1/jakarta.transaction-api-2.0.1.jar:/Users/lucashinova/.m2/repository/org/jboss/logging/jboss-logging/3.5.0.Final/jboss-logging-3.5.0.Final.jar:/Users/lucashinova/.m2/repository/org/hibernate/common/hibernate-commons-annotations/6.0.6.Final/hibernate-commons-annotations-6.0.6.Final.jar:/Users/lucashinova/.m2/repository/io/smallrye/jandex/3.0.5/jandex-3.0.5.jar:/Users/lucashinova/.m2/repository/com/fasterxml/classmate/1.5.1/classmate-1.5.1.jar:/Users/lucashinova/.m2/repository/jakarta/inject/jakarta.inject-api/2.0.1/jakarta.inject-api-2.0.1.jar:/Users/lucashinova/.m2/repository/org/antlr/antlr4-runtime/4.10.1/antlr4-runtime-4.10.1.jar:/Users/lucashinova/.m2/repository/org/springframework/data/spring-data-jpa/3.1.1/spring-data-jpa-3.1.1.jar:/Users/lucashinova/.m2/repository/org/springframework/data/spring-data-commons/3.1.1/spring-data-commons-3.1.1.jar:/Users/lucashinova/.m2/repository/org/springframework/spring-orm/6.0.10/spring-orm-6.0.10.jar:/Users/lucashinova/.m2/repository/org/springframework/spring-tx/6.0.10/spring-tx-6.0.10.jar:/Users/lucashinova/.m2/repository/org/slf4j/slf4j-api/2.0.2/slf4j-api-2.0.2.jar:/Users/lucashinova/.m2/repository/org/springframework/spring-aspects/6.0.10/spring-aspects-6.0.10.jar:/Users/lucashinova/.m2/repository/org/postgresql/postgresql/42.2.23/postgresql-42.2.23.jar:/Users/lucashinova/.m2/repository/org/checkerframework/checker-qual/3.5.0/checker-qual-3.5.0.jar:/Users/lucashinova/.m2/repository/javax/xml/bind/jaxb-api/2.3.1/jaxb-api-2.3.1.jar:/Users/lucashinova/.m2/repository/javax/activation/javax.activation-api/1.2.0/javax.activation-api-1.2.0.jar:/Users/lucashinova/.m2/repository/org/glassfish/jaxb/jaxb-runtime/2.3.1/jaxb-runtime-2.3.1.jar:/Users/lucashinova/.m2/repository/org/glassfish/jaxb/txw2/2.3.1/txw2-2.3.1.jar:/Users/lucashinova/.m2/repository/com/sun/istack/istack-commons-runtime/3.0.7/istack-commons-runtime-3.0.7.jar:/Users/lucashinova/.m2/repository/org/jvnet/staxex/stax-ex/1.8/stax-ex-1.8.jar:/Users/lucashinova/.m2/repository/com/sun/xml/fastinfoset/FastInfoset/1.2.15/FastInfoset-1.2.15.jar:/Users/lucashinova/.m2/repository/org/springframework/boot/spring-boot-starter-test/3.1.1/spring-boot-starter-test-3.1.1.jar:/Users/lucashinova/.m2/repository/org/springframework/boot/spring-boot-test/3.1.1/spring-boot-test-3.1.1.jar:/Users/lucashinova/.m2/repository/org/springframework/boot/spring-boot-test-autoconfigure/3.1.1/spring-boot-test-autoconfigure-3.1.1.jar:/Users/lucashinova/.m2/repository/com/jayway/jsonpath/json-path/2.8.0/json-path-2.8.0.jar:/Users/lucashinova/.m2/repository/jakarta/xml/bind/jakarta.xml.bind-api/4.0.0/jakarta.xml.bind-api-4.0.0.jar:/Users/lucashinova/.m2/repository/jakarta/activation/jakarta.activation-api/2.1.0/jakarta.activation-api-2.1.0.jar:/Users/lucashinova/.m2/repository/net/minidev/json-smart/2.4.11/json-smart-2.4.11.jar:/Users/lucashinova/.m2/repository/net/minidev/accessors-smart/2.4.11/accessors-smart-2.4.11.jar:/Users/lucashinova/.m2/repository/org/ow2/asm/asm/9.3/asm-9.3.jar:/Users/lucashinova/.m2/repository/org/assertj/assertj-core/3.24.2/assertj-core-3.24.2.jar:/Users/lucashinova/.m2/repository/org/hamcrest/hamcrest/2.2/hamcrest-2.2.jar:/Users/lucashinova/.m2/repository/org/junit/jupiter/junit-jupiter/5.9.3/junit-jupiter-5.9.3.jar:/Users/lucashinova/.m2/repository/org/junit/jupiter/junit-jupiter-params/5.9.3/junit-jupiter-params-5.9.3.jar:/Users/lucashinova/.m2/repository/org/skyscreamer/jsonassert/1.5.1/jsonassert-1.5.1.jar:/Users/lucashinova/.m2/repository/com/vaadin/external/google/android-json/0.0.20131108.vaadin1/android-json-0.0.20131108.vaadin1.jar:/Users/lucashinova/.m2/repository/org/springframework/spring-core/6.0.10/spring-core-6.0.10.jar:/Users/lucashinova/.m2/repository/org/springframework/spring-jcl/6.0.10/spring-jcl-6.0.10.jar:/Users/lucashinova/.m2/repository/org/springframework/spring-test/6.0.10/spring-test-6.0.10.jar:/Users/lucashinova/.m2/repository/org/xmlunit/xmlunit-core/2.9.1/xmlunit-core-2.9.1.jar:/Users/lucashinova/.m2/repository/org/junit/jupiter/junit-jupiter-engine/5.8.2/junit-jupiter-engine-5.8.2.jar:/Users/lucashinova/.m2/repository/org/junit/platform/junit-platform-engine/1.8.2/junit-platform-engine-1.8.2.jar:/Users/lucashinova/.m2/repository/org/opentest4j/opentest4j/1.2.0/opentest4j-1.2.0.jar:/Users/lucashinova/.m2/repository/org/junit/platform/junit-platform-commons/1.8.2/junit-platform-commons-1.8.2.jar:/Users/lucashinova/.m2/repository/org/junit/jupiter/junit-jupiter-api/5.8.2/junit-jupiter-api-5.8.2.jar:/Users/lucashinova/.m2/repository/org/apiguardian/apiguardian-api/1.1.2/apiguardian-api-1.1.2.jar:/Users/lucashinova/.m2/repository/org/mockito/mockito-core/4.6.1/mockito-core-4.6.1.jar:/Users/lucashinova/.m2/repository/net/bytebuddy/byte-buddy/1.12.10/byte-buddy-1.12.10.jar:/Users/lucashinova/.m2/repository/net/bytebuddy/byte-buddy-agent/1.12.10/byte-buddy-agent-1.12.10.jar:/Users/lucashinova/.m2/repository/org/objenesis/objenesis/3.2/objenesis-3.2.jar:/Users/lucashinova/.m2/repository/org/mockito/mockito-junit-jupiter/4.6.1/mockito-junit-jupiter-4.6.1.jar:/Users/lucashinova/.m2/repository/io/rest-assured/rest-assured/4.4.0/rest-assured-4.4.0.jar:/Users/lucashinova/.m2/repository/org/codehaus/groovy/groovy/3.0.8/groovy-3.0.8.jar:/Users/lucashinova/.m2/repository/org/codehaus/groovy/groovy-xml/3.0.8/groovy-xml-3.0.8.jar:/Users/lucashinova/.m2/repository/org/apache/httpcomponents/httpclient/4.5.13/httpclient-4.5.13.jar:/Users/lucashinova/.m2/repository/org/apache/httpcomponents/httpcore/4.4.13/httpcore-4.4.13.jar:/Users/lucashinova/.m2/repository/commons-logging/commons-logging/1.2/commons-logging-1.2.jar:/Users/lucashinova/.m2/repository/commons-codec/commons-codec/1.11/commons-codec-1.11.jar:/Users/lucashinova/.m2/repository/org/apache/httpcomponents/httpmime/4.5.13/httpmime-4.5.13.jar:/Users/lucashinova/.m2/repository/org/ccil/cowan/tagsoup/tagsoup/1.2.1/tagsoup-1.2.1.jar:/Users/lucashinova/.m2/repository/io/rest-assured/json-path/4.4.0/json-path-4.4.0.jar:/Users/lucashinova/.m2/repository/org/codehaus/groovy/groovy-json/3.0.8/groovy-json-3.0.8.jar:/Users/lucashinova/.m2/repository/io/rest-assured/rest-assured-common/4.4.0/rest-assured-common-4.4.0.jar:/Users/lucashinova/.m2/repository/io/rest-assured/xml-path/4.4.0/xml-path-4.4.0.jar:/Users/lucashinova/.m2/repository/org/apache/commons/commons-lang3/3.11/commons-lang3-3.11.jar:/Users/lucashinova/.m2/repository/com/sun/xml/bind/jaxb-impl/2.3.3/jaxb-impl-2.3.3.jar:"/>
    <property name="java.vm.vendor" value="Eclipse Adoptium"/>
    <property name="sun.arch.data.model" value="64"/>
    <property name="java.vendor.url" value="https://adoptium.net/"/>
    <property name="catalina.useNaming" value="false"/>
    <property name="user.timezone" value="America/Sao_Paulo"/>
    <property name="org.jboss.logging.provider" value="slf4j"/>
    <property name="os.name" value="Mac OS X"/>
    <property name="java.vm.specification.version" value="21"/>
    <property name="sun.java.launcher" value="SUN_STANDARD"/>
    <property name="user.country" value="BR"/>
    <property name="sun.boot.library.path" value="/Library/Java/JavaVirtualMachines/temurin-21.jdk/Contents/Home/lib"/>
    <property name="sun.java.command" value="/Users/lucashinova/Documents/Meus projetos/TrabalhoGerencia/gerencia/target/surefire/surefirebooter-20240611155000902_3.jar /Users/lucashinova/Documents/Meus projetos/TrabalhoGerencia/gerencia/target/surefire 2024-06-11T15-50-00_854-jvmRun1 surefire-20240611155000902_1tmp surefire_0-20240611155000902_2tmp"/>
    <property name="http.nonProxyHosts" value="local|*.local|169.254/16|*.169.254/16"/>
    <property name="jdk.debug" value="release"/>
    <property name="surefire.test.class.path" value="/Users/lucashinova/Documents/Meus projetos/TrabalhoGerencia/gerencia/target/test-classes:/Users/lucashinova/Documents/Meus projetos/TrabalhoGerencia/gerencia/target/classes:/Users/lucashinova/.m2/repository/org/springframework/boot/spring-boot-starter-web/3.1.1/spring-boot-starter-web-3.1.1.jar:/Users/lucashinova/.m2/repository/org/springframework/boot/spring-boot-starter/3.1.1/spring-boot-starter-3.1.1.jar:/Users/lucashinova/.m2/repository/org/springframework/boot/spring-boot/3.1.1/spring-boot-3.1.1.jar:/Users/lucashinova/.m2/repository/org/springframework/boot/spring-boot-autoconfigure/3.1.1/spring-boot-autoconfigure-3.1.1.jar:/Users/lucashinova/.m2/repository/org/springframework/boot/spring-boot-starter-logging/3.1.1/spring-boot-starter-logging-3.1.1.jar:/Users/lucashinova/.m2/repository/ch/qos/logback/logback-classic/1.4.8/logback-classic-1.4.8.jar:/Users/lucashinova/.m2/repository/ch/qos/logback/logback-core/1.4.8/logback-core-1.4.8.jar:/Users/lucashinova/.m2/repository/org/apache/logging/log4j/log4j-to-slf4j/2.20.0/log4j-to-slf4j-2.20.0.jar:/Users/lucashinova/.m2/repository/org/apache/logging/log4j/log4j-api/2.20.0/log4j-api-2.20.0.jar:/Users/lucashinova/.m2/repository/org/slf4j/jul-to-slf4j/2.0.7/jul-to-slf4j-2.0.7.jar:/Users/lucashinova/.m2/repository/jakarta/annotation/jakarta.annotation-api/2.1.1/jakarta.annotation-api-2.1.1.jar:/Users/lucashinova/.m2/repository/org/yaml/snakeyaml/1.33/snakeyaml-1.33.jar:/Users/lucashinova/.m2/repository/org/springframework/boot/spring-boot-starter-json/3.1.1/spring-boot-starter-json-3.1.1.jar:/Users/lucashinova/.m2/repository/com/fasterxml/jackson/core/jackson-databind/2.15.2/jackson-databind-2.15.2.jar:/Users/lucashinova/.m2/repository/com/fasterxml/jackson/core/jackson-annotations/2.15.2/jackson-annotations-2.15.2.jar:/Users/lucashinova/.m2/repository/com/fasterxml/jackson/core/jackson-core/2.15.2/jackson-core-2.15.2.jar:/Users/lucashinova/.m2/repository/com/fasterxml/jackson/datatype/jackson-datatype-jdk8/2.15.2/jackson-datatype-jdk8-2.15.2.jar:/Users/lucashinova/.m2/repository/com/fasterxml/jackson/datatype/jackson-datatype-jsr310/2.15.2/jackson-datatype-jsr310-2.15.2.jar:/Users/lucashinova/.m2/repository/com/fasterxml/jackson/module/jackson-module-parameter-names/2.15.2/jackson-module-parameter-names-2.15.2.jar:/Users/lucashinova/.m2/repository/org/springframework/boot/spring-boot-starter-tomcat/3.1.1/spring-boot-starter-tomcat-3.1.1.jar:/Users/lucashinova/.m2/repository/org/apache/tomcat/embed/tomcat-embed-core/10.1.10/tomcat-embed-core-10.1.10.jar:/Users/lucashinova/.m2/repository/org/apache/tomcat/embed/tomcat-embed-el/10.1.10/tomcat-embed-el-10.1.10.jar:/Users/lucashinova/.m2/repository/org/apache/tomcat/embed/tomcat-embed-websocket/10.1.10/tomcat-embed-websocket-10.1.10.jar:/Users/lucashinova/.m2/repository/org/springframework/spring-web/6.0.10/spring-web-6.0.10.jar:/Users/lucashinova/.m2/repository/org/springframework/spring-beans/6.0.10/spring-beans-6.0.10.jar:/Users/lucashinova/.m2/repository/io/micrometer/micrometer-observation/1.10.8/micrometer-observation-1.10.8.jar:/Users/lucashinova/.m2/repository/io/micrometer/micrometer-commons/1.10.8/micrometer-commons-1.10.8.jar:/Users/lucashinova/.m2/repository/org/springframework/spring-webmvc/6.0.10/spring-webmvc-6.0.10.jar:/Users/lucashinova/.m2/repository/org/springframework/spring-aop/6.0.10/spring-aop-6.0.10.jar:/Users/lucashinova/.m2/repository/org/springframework/spring-context/6.0.10/spring-context-6.0.10.jar:/Users/lucashinova/.m2/repository/org/springframework/spring-expression/6.0.10/spring-expression-6.0.10.jar:/Users/lucashinova/.m2/repository/org/springframework/boot/spring-boot-starter-data-jpa/3.1.1/spring-boot-starter-data-jpa-3.1.1.jar:/Users/lucashinova/.m2/repository/org/springframework/boot/spring-boot-starter-aop/3.1.1/spring-boot-starter-aop-3.1.1.jar:/Users/lucashinova/.m2/repository/org/aspectj/aspectjweaver/1.9.19/aspectjweaver-1.9.19.jar:/Users/lucashinova/.m2/repository/org/springframework/boot/spring-boot-starter-jdbc/3.1.1/spring-boot-starter-jdbc-3.1.1.jar:/Users/lucashinova/.m2/repository/com/zaxxer/HikariCP/5.0.1/HikariCP-5.0.1.jar:/Users/lucashinova/.m2/repository/org/springframework/spring-jdbc/6.0.10/spring-jdbc-6.0.10.jar:/Users/lucashinova/.m2/repository/org/hibernate/orm/hibernate-core/6.2.5.Final/hibernate-core-6.2.5.Final.jar:/Users/lucashinova/.m2/repository/jakarta/persistence/jakarta.persistence-api/3.1.0/jakarta.persistence-api-3.1.0.jar:/Users/lucashinova/.m2/repository/jakarta/transaction/jakarta.transaction-api/2.0.1/jakarta.transaction-api-2.0.1.jar:/Users/lucashinova/.m2/repository/org/jboss/logging/jboss-logging/3.5.0.Final/jboss-logging-3.5.0.Final.jar:/Users/lucashinova/.m2/repository/org/hibernate/common/hibernate-commons-annotations/6.0.6.Final/hibernate-commons-annotations-6.0.6.Final.jar:/Users/lucashinova/.m2/repository/io/smallrye/jandex/3.0.5/jandex-3.0.5.jar:/Users/lucashinova/.m2/repository/com/fasterxml/classmate/1.5.1/classmate-1.5.1.jar:/Users/lucashinova/.m2/repository/jakarta/inject/jakarta.inject-api/2.0.1/jakarta.inject-api-2.0.1.jar:/Users/lucashinova/.m2/repository/org/antlr/antlr4-runtime/4.10.1/antlr4-runtime-4.10.1.jar:/Users/lucashinova/.m2/repository/org/springframework/data/spring-data-jpa/3.1.1/spring-data-jpa-3.1.1.jar:/Users/lucashinova/.m2/repository/org/springframework/data/spring-data-commons/3.1.1/spring-data-commons-3.1.1.jar:/Users/lucashinova/.m2/repository/org/springframework/spring-orm/6.0.10/spring-orm-6.0.10.jar:/Users/lucashinova/.m2/repository/org/springframework/spring-tx/6.0.10/spring-tx-6.0.10.jar:/Users/lucashinova/.m2/repository/org/slf4j/slf4j-api/2.0.2/slf4j-api-2.0.2.jar:/Users/lucashinova/.m2/repository/org/springframework/spring-aspects/6.0.10/spring-aspects-6.0.10.jar:/Users/lucashinova/.m2/repository/org/postgresql/postgresql/42.2.23/postgresql-42.2.23.jar:/Users/lucashinova/.m2/repository/org/checkerframework/checker-qual/3.5.0/checker-qual-3.5.0.jar:/Users/lucashinova/.m2/repository/javax/xml/bind/jaxb-api/2.3.1/jaxb-api-2.3.1.jar:/Users/lucashinova/.m2/repository/javax/activation/javax.activation-api/1.2.0/javax.activation-api-1.2.0.jar:/Users/lucashinova/.m2/repository/org/glassfish/jaxb/jaxb-runtime/2.3.1/jaxb-runtime-2.3.1.jar:/Users/lucashinova/.m2/repository/org/glassfish/jaxb/txw2/2.3.1/txw2-2.3.1.jar:/Users/lucashinova/.m2/repository/com/sun/istack/istack-commons-runtime/3.0.7/istack-commons-runtime-3.0.7.jar:/Users/lucashinova/.m2/repository/org/jvnet/staxex/stax-ex/1.8/stax-ex-1.8.jar:/Users/lucashinova/.m2/repository/com/sun/xml/fastinfoset/FastInfoset/1.2.15/FastInfoset-1.2.15.jar:/Users/lucashinova/.m2/repository/org/springframework/boot/spring-boot-starter-test/3.1.1/spring-boot-starter-test-3.1.1.jar:/Users/lucashinova/.m2/repository/org/springframework/boot/spring-boot-test/3.1.1/spring-boot-test-3.1.1.jar:/Users/lucashinova/.m2/repository/org/springframework/boot/spring-boot-test-autoconfigure/3.1.1/spring-boot-test-autoconfigure-3.1.1.jar:/Users/lucashinova/.m2/repository/com/jayway/jsonpath/json-path/2.8.0/json-path-2.8.0.jar:/Users/lucashinova/.m2/repository/jakarta/xml/bind/jakarta.xml.bind-api/4.0.0/jakarta.xml.bind-api-4.0.0.jar:/Users/lucashinova/.m2/repository/jakarta/activation/jakarta.activation-api/2.1.0/jakarta.activation-api-2.1.0.jar:/Users/lucashinova/.m2/repository/net/minidev/json-smart/2.4.11/json-smart-2.4.11.jar:/Users/lucashinova/.m2/repository/net/minidev/accessors-smart/2.4.11/accessors-smart-2.4.11.jar:/Users/lucashinova/.m2/repository/org/ow2/asm/asm/9.3/asm-9.3.jar:/Users/lucashinova/.m2/repository/org/assertj/assertj-core/3.24.2/assertj-core-3.24.2.jar:/Users/lucashinova/.m2/repository/org/hamcrest/hamcrest/2.2/hamcrest-2.2.jar:/Users/lucashinova/.m2/repository/org/junit/jupiter/junit-jupiter/5.9.3/junit-jupiter-5.9.3.jar:/Users/lucashinova/.m2/repository/org/junit/jupiter/junit-jupiter-params/5.9.3/junit-jupiter-params-5.9.3.jar:/Users/lucashinova/.m2/repository/org/skyscreamer/jsonassert/1.5.1/jsonassert-1.5.1.jar:/Users/lucashinova/.m2/repository/com/vaadin/external/google/android-json/0.0.20131108.vaadin1/android-json-0.0.20131108.vaadin1.jar:/Users/lucashinova/.m2/repository/org/springframework/spring-core/6.0.10/spring-core-6.0.10.jar:/Users/lucashinova/.m2/repository/org/springframework/spring-jcl/6.0.10/spring-jcl-6.0.10.jar:/Users/lucashinova/.m2/repository/org/springframework/spring-test/6.0.10/spring-test-6.0.10.jar:/Users/lucashinova/.m2/repository/org/xmlunit/xmlunit-core/2.9.1/xmlunit-core-2.9.1.jar:/Users/lucashinova/.m2/repository/org/junit/jupiter/junit-jupiter-engine/5.8.2/junit-jupiter-engine-5.8.2.jar:/Users/lucashinova/.m2/repository/org/junit/platform/junit-platform-engine/1.8.2/junit-platform-engine-1.8.2.jar:/Users/lucashinova/.m2/repository/org/opentest4j/opentest4j/1.2.0/opentest4j-1.2.0.jar:/Users/lucashinova/.m2/repository/org/junit/platform/junit-platform-commons/1.8.2/junit-platform-commons-1.8.2.jar:/Users/lucashinova/.m2/repository/org/junit/jupiter/junit-jupiter-api/5.8.2/junit-jupiter-api-5.8.2.jar:/Users/lucashinova/.m2/repository/org/apiguardian/apiguardian-api/1.1.2/apiguardian-api-1.1.2.jar:/Users/lucashinova/.m2/repository/org/mockito/mockito-core/4.6.1/mockito-core-4.6.1.jar:/Users/lucashinova/.m2/repository/net/bytebuddy/byte-buddy/1.12.10/byte-buddy-1.12.10.jar:/Users/lucashinova/.m2/repository/net/bytebuddy/byte-buddy-agent/1.12.10/byte-buddy-agent-1.12.10.jar:/Users/lucashinova/.m2/repository/org/objenesis/objenesis/3.2/objenesis-3.2.jar:/Users/lucashinova/.m2/repository/org/mockito/mockito-junit-jupiter/4.6.1/mockito-junit-jupiter-4.6.1.jar:/Users/lucashinova/.m2/repository/io/rest-assured/rest-assured/4.4.0/rest-assured-4.4.0.jar:/Users/lucashinova/.m2/repository/org/codehaus/groovy/groovy/3.0.8/groovy-3.0.8.jar:/Users/lucashinova/.m2/repository/org/codehaus/groovy/groovy-xml/3.0.8/groovy-xml-3.0.8.jar:/Users/lucashinova/.m2/repository/org/apache/httpcomponents/httpclient/4.5.13/httpclient-4.5.13.jar:/Users/lucashinova/.m2/repository/org/apache/httpcomponents/httpcore/4.4.13/httpcore-4.4.13.jar:/Users/lucashinova/.m2/repository/commons-logging/commons-logging/1.2/commons-logging-1.2.jar:/Users/lucashinova/.m2/repository/commons-codec/commons-codec/1.11/commons-codec-1.11.jar:/Users/lucashinova/.m2/repository/org/apache/httpcomponents/httpmime/4.5.13/httpmime-4.5.13.jar:/Users/lucashinova/.m2/repository/org/ccil/cowan/tagsoup/tagsoup/1.2.1/tagsoup-1.2.1.jar:/Users/lucashinova/.m2/repository/io/rest-assured/json-path/4.4.0/json-path-4.4.0.jar:/Users/lucashinova/.m2/repository/org/codehaus/groovy/groovy-json/3.0.8/groovy-json-3.0.8.jar:/Users/lucashinova/.m2/repository/io/rest-assured/rest-assured-common/4.4.0/rest-assured-common-4.4.0.jar:/Users/lucashinova/.m2/repository/io/rest-assured/xml-path/4.4.0/xml-path-4.4.0.jar:/Users/lucashinova/.m2/repository/org/apache/commons/commons-lang3/3.11/commons-lang3-3.11.jar:/Users/lucashinova/.m2/repository/com/sun/xml/bind/jaxb-impl/2.3.3/jaxb-impl-2.3.3.jar:"/>
    <property name="sun.cpu.endian" value="little"/>
    <property name="user.home" value="/Users/lucashinova"/>
    <property name="user.language" value="en"/>
    <property name="java.specification.vendor" value="Oracle Corporation"/>
    <property name="java.version.date" value="2024-04-16"/>
    <property name="java.home" value="/Library/Java/JavaVirtualMachines/temurin-21.jdk/Contents/Home"/>
    <property name="file.separator" value="/"/>
    <property name="basedir" value="/Users/lucashinova/Documents/Meus projetos/TrabalhoGerencia/gerencia"/>
    <property name="java.vm.compressedOopsMode" value="Zero based"/>
    <property name="line.separator" value="&#10;"/>
    <property name="java.vm.specification.vendor" value="Oracle Corporation"/>
    <property name="java.specification.name" value="Java Platform API Specification"/>
    <property name="FILE_LOG_CHARSET" value="UTF-8"/>
    <property name="java.awt.headless" value="true"/>
    <property name="apple.awt.application.name" value="ForkedBooter"/>
    <property name="surefire.real.class.path" value="/Users/lucashinova/Documents/Meus projetos/TrabalhoGerencia/gerencia/target/surefire/surefirebooter-20240611155000902_3.jar"/>
    <property name="sun.management.compiler" value="HotSpot 64-Bit Tiered Compilers"/>
    <property name="ftp.nonProxyHosts" value="local|*.local|169.254/16|*.169.254/16"/>
    <property name="java.runtime.version" value="21.0.3+9-LTS"/>
    <property name="user.name" value="lucashinova"/>
    <property name="stdout.encoding" value="UTF-8"/>
    <property name="path.separator" value=":"/>
    <property name="os.version" value="14.4"/>
    <property name="java.runtime.name" value="OpenJDK Runtime Environment"/>
    <property name="file.encoding" value="UTF-8"/>
    <property name="java.vm.name" value="OpenJDK 64-Bit Server VM"/>
    <property name="java.vendor.version" value="Temurin-21.0.3+9"/>
    <property name="localRepository" value="/Users/lucashinova/.m2/repository"/>
    <property name="java.vendor.url.bug" value="https://github.com/adoptium/adoptium-support/issues"/>
    <property name="java.io.tmpdir" value="/var/folders/g9/w5fsk_f91bx87hy3bgyd78xm0000gp/T/"/>
    <property name="com.zaxxer.hikari.pool_number" value="2"/>
    <property name="catalina.home" value="/private/var/folders/g9/w5fsk_f91bx87hy3bgyd78xm0000gp/T/tomcat.0.9382920365090628258"/>
    <property name="java.version" value="21.0.3"/>
    <property name="user.dir" value="/Users/lucashinova/Documents/Meus projetos/TrabalhoGerencia/gerencia"/>
    <property name="os.arch" value="aarch64"/>
    <property name="java.vm.specification.name" value="Java Virtual Machine Specification"/>
    <property name="PID" value="96111"/>
    <property name="CONSOLE_LOG_CHARSET" value="UTF-8"/>
    <property name="catalina.base" value="/private/var/folders/g9/w5fsk_f91bx87hy3bgyd78xm0000gp/T/tomcat.0.9382920365090628258"/>
    <property name="native.encoding" value="UTF-8"/>
    <property name="java.library.path" value="/Users/lucashinova/Library/Java/Extensions:/Library/Java/Extensions:/Network/Library/Java/Extensions:/System/Library/Java/Extensions:/usr/lib/java:."/>
    <property name="java.vm.info" value="mixed mode"/>
    <property name="stderr.encoding" value="UTF-8"/>
    <property name="java.vendor" value="Eclipse Adoptium"/>
    <property name="java.vm.version" value="21.0.3+9-LTS"/>
    <property name="sun.io.unicode.encoding" value="UnicodeBig"/>
    <property name="socksNonProxyHosts" value="local|*.local|169.254/16|*.169.254/16"/>
    <property name="java.class.version" value="65.0"/>
  </properties>
  <testcase name="testCalcularIMC" classname="com.gerencia.clinica.model.PacienteTest" time="0.0"/>
  <testcase name="testObterSituacaoIMC" classname="com.gerencia.clinica.model.PacienteTest" time="0.0"/>
  <testcase name="testObterCpfOfuscado" classname="com.gerencia.clinica.model.PacienteTest" time="0.0"/>
  <testcase name="testObterPesoIdeal" classname="com.gerencia.clinica.model.PacienteTest" time="0.0"/>
  <testcase name="testValidarCPF" classname="com.gerencia.clinica.model.PacienteTest" time="0.001"/>
  <testcase name="testCalcularIdade" classname="com.gerencia.clinica.model.PacienteTest" time="0.001"/>
  <testcase name="testInvalidarCPF" classname="com.gerencia.clinica.model.PacienteTest" time="0.001"/>
</testsuite>